<?xml version="1.0" encoding="UTF-8"?>
<!-- Generated by org.testng.reporters.JUnitReportReporter -->
<testsuite hostname="Girishs-MacBook-Air.local" failures="0" tests="1" name="com.learn.automation.AlertandPopup" time="20.260" errors="0" timestamp="2021-09-02T21:06:51 IST" skipped="0">
  <testcase classname="com.learn.automation.AlertandPopup" name="alertPopup" time="20.260"/>
  <system-out/>
</testsuite> <!-- com.learn.automation.AlertandPopup -->
