<?xml version="1.0" encoding="UTF-8"?>
<!-- Generated by org.testng.reporters.JUnitReportReporter -->
<testsuite hostname="Girishs-MacBook-Air.local" failures="0" tests="1" name="com.learn.automation.HandleFrames" time="23.245" errors="0" timestamp="2021-09-06T19:54:41 IST" skipped="0">
  <testcase classname="com.learn.automation.HandleFrames" name="frames" time="23.245"/>
  <system-out/>
</testsuite> <!-- com.learn.automation.HandleFrames -->
