<?xml version="1.0" encoding="UTF-8"?>
<!-- Generated by org.testng.reporters.JUnitReportReporter -->
<testsuite hostname="Girishs-MacBook-Air.local" failures="0" tests="1" name="com.learn.automation.WebTable" time="7.339" errors="0" timestamp="2021-08-30T21:20:21 IST" skipped="0">
  <testcase classname="com.learn.automation.WebTable" name="accessWebTable" time="7.339"/>
  <system-out/>
</testsuite> <!-- com.learn.automation.WebTable -->
