<?xml version="1.0" encoding="UTF-8"?>
<!-- Generated by org.testng.reporters.JUnitReportReporter -->
<testsuite hostname="Girishs-MacBook-Air.local" failures="0" tests="1" name="com.learn.automation.MultipleWindowHandling" time="12.884" errors="0" timestamp="2021-09-02T20:22:59 IST" skipped="0">
  <testcase classname="com.learn.automation.MultipleWindowHandling" name="handleWindows" time="12.884"/>
  <system-out/>
</testsuite> <!-- com.learn.automation.MultipleWindowHandling -->
