<?xml version="1.0" encoding="UTF-8"?>
<!-- Generated by org.testng.reporters.JUnitReportReporter -->
<testsuite hostname="Girishs-MacBook-Air.local" failures="0" tests="1" name="com.learn.automation.AppTest" time="0.034" errors="0" timestamp="2021-10-06T14:43:16 IST" skipped="0">
  <testcase classname="com.learn.automation.AppTest" name="shouldAnswerWithTrue" time="0.034"/>
  <system-out/>
</testsuite> <!-- com.learn.automation.AppTest -->
