<?xml version="1.0" encoding="UTF-8"?>
<!-- Generated by org.testng.reporters.JUnitReportReporter -->
<testsuite hostname="Girishs-MacBook-Air.local" failures="0" tests="5" name="parallel.TestNgRunner" time="151.747" errors="0" timestamp="15 Oct 2021 14:57:17 GMT" skipped="0">
  <testcase classname="parallel.TestNgRunner" name="runScenario" time="18.973"/>
  <testcase classname="parallel.TestNgRunner" name="runScenario" time="34.775"/>
  <testcase classname="parallel.TestNgRunner" name="runScenario" time="42.745"/>
  <testcase classname="parallel.TestNgRunner" name="runScenario" time="35.960"/>
  <testcase classname="parallel.TestNgRunner" name="runScenario" time="19.294"/>
</testsuite> <!-- parallel.TestNgRunner -->
